INFO:PocoPhone F1 não está ligado.
INFO:PocoPhone F1 está conectado.
INFO:PocoPhone F1 está conectado.
INFO:PocoPhone F1 não está ligado.
ERROR: PocoPhone F1 não está conectado.
ERROR: PocoPhone F1 ja está conectado.
INFO:PocoPhone F1 foi desconectado com sucesso.
INFO:PocoPhone F1 não está ligado.
INFO:PocoPhone F1 está conectado.
INFO:PocoPhone F1 está conectado.
INFO:PocoPhone F1 não está ligado.
ERROR: PocoPhone F1 não está conectado.
ERROR: PocoPhone F1 ja está conectado.
INFO:PocoPhone F1 foi desconectado com sucesso.
INFO:PocoPhone F1 não está ligado.
INFO:PocoPhone F1 está conectado.
INFO:PocoPhone F1 está conectado.
INFO:PocoPhone F1 não está ligado.
ERROR: PocoPhone F1 não está conectado.
ERROR: PocoPhone F1 ja está conectado.
INFO:PocoPhone F1 foi desconectado com sucesso.
INFO:PocoPhone F1 não está ligado.
INFO:PocoPhone F1 está conectado.
INFO:PocoPhone F1 está conectado.
INFO:PocoPhone F1 não está ligado.
ERROR: PocoPhone F1 não está conectado.
ERROR: PocoPhone F1 ja está conectado.
INFO:PocoPhone F1 foi desconectado com sucesso.
INFO:PocoPhone F1 não está ligado.
INFO:PocoPhone F1 está conectado.
INFO:PocoPhone F1 está conectado.
INFO:PocoPhone F1 não está ligado.
ERROR: PocoPhone F1 não está conectado.
ERROR: PocoPhone F1 ja está conectado.
INFO:PocoPhone F1 foi desconectado com sucesso.
INFO:PocoPhone F1 não está ligado.
INFO:PocoPhone F1 está conectado.
INFO:PocoPhone F1 está conectado.
INFO:PocoPhone F1 não está ligado.
ERROR: PocoPhone F1 não está conectado.
ERROR: PocoPhone F1 ja está conectado.
INFO:PocoPhone F1 foi desconectado com sucesso.
INFO:PocoPhone F1 não está ligado.
INFO:PocoPhone F1 está conectado.
INFO:PocoPhone F1 está conectado.
INFO:PocoPhone F1 não está ligado.
ERROR: PocoPhone F1 não está conectado.
ERROR: PocoPhone F1 ja está conectado.
